<?xml version="1.0" encoding="UTF-8"?>
<!-- Generated by org.testng.reporters.JUnitReportReporter -->
<testsuite hostname="DESKTOP-LPKJ4V1" failures="0" tests="1" name="com.docker.MSEdgeTest" time="14.330" errors="0" timestamp="2024-07-19T16:04:40 EDT" skipped="0">
  <testcase classname="com.docker.MSEdgeTest" name="test_Edge" time="14.330"/>
  <system-out/>
</testsuite> <!-- com.docker.MSEdgeTest -->
